{"numTotalTestSuites":2,"numPassedTestSuites":2,"numFailedTestSuites":0,"numPendingTestSuites":0,"numTotalTests":7,"numPassedTests":7,"numFailedTests":0,"numPendingTests":0,"numTodoTests":0,"snapshot":{"added":0,"failure":false,"filesAdded":0,"filesRemoved":0,"filesRemovedList":[],"filesUnmatched":0,"filesUpdated":0,"matched":0,"total":0,"unchecked":0,"uncheckedKeysByFile":[],"unmatched":0,"updated":0,"didUpdate":false},"startTime":1727550655431,"success":true,"testResults":[{"assertionResults":[{"ancestorTitles":["DropdownTemp"],"fullName":"DropdownTemp renders with the correct title","status":"passed","title":"renders with the correct title","duration":55.49241599999368,"failureMessages":[],"meta":{}},{"ancestorTitles":["DropdownTemp"],"fullName":"DropdownTemp renders the dropdown button with correct aria-label","status":"passed","title":"renders the dropdown button with correct aria-label","duration":4.766540999989957,"failureMessages":[],"meta":{}},{"ancestorTitles":["DropdownTemp"],"fullName":"DropdownTemp renders the dropdown icon","status":"passed","title":"renders the dropdown icon","duration":3.088875000132248,"failureMessages":[],"meta":{}},{"ancestorTitles":["DropdownTemp"],"fullName":"DropdownTemp renders the menu items","status":"passed","title":"renders the menu items","duration":2.210791999939829,"failureMessages":[],"meta":{}},{"ancestorTitles":["DropdownTemp"],"fullName":"DropdownTemp renders the default option","status":"passed","title":"renders the default option","duration":3.4652499998919666,"failureMessages":[],"meta":{}},{"ancestorTitles":["DropdownTemp"],"fullName":"DropdownTemp changes selected option when clicked","status":"passed","title":"changes selected option when clicked","duration":5.750125000020489,"failureMessages":[],"meta":{}},{"ancestorTitles":["DropdownTemp"],"fullName":"DropdownTemp renders the check icon for the selected option","status":"passed","title":"renders the check icon for the selected option","duration":4.291833000024781,"failureMessages":[],"meta":{}}],"startTime":1727552027733,"endTime":1727552027812.2917,"status":"passed","message":"","name":"/Users/rachelye/Desktop/Second-Delivery/tests/components/dropdown-temp.test.tsx"}]}